c:\users\dsahu\documents\visual studio 2013\projects\pattern\pattern\release\pattern.pch
c:\users\dsahu\documents\visual studio 2013\projects\pattern\pattern\release\vc120.pdb
c:\users\dsahu\documents\visual studio 2013\projects\pattern\pattern\release\stdafx.obj
c:\users\dsahu\documents\visual studio 2013\projects\pattern\pattern\release\txtlexer.obj
c:\users\dsahu\documents\visual studio 2013\projects\pattern\pattern\release\txtdrawer.obj
c:\users\dsahu\documents\visual studio 2013\projects\pattern\pattern\release\pattern.obj
c:\users\dsahu\documents\visual studio 2013\projects\pattern\pattern\release\parser.obj
c:\users\dsahu\documents\visual studio 2013\projects\pattern\pattern\release\pageview.obj
c:\users\dsahu\documents\visual studio 2013\projects\pattern\pattern\release\pagedrawer.obj
c:\users\dsahu\documents\visual studio 2013\projects\pattern\pattern\release\page.obj
c:\users\dsahu\documents\visual studio 2013\projects\pattern\pattern\release\lexer.obj
c:\users\dsahu\documents\visual studio 2013\projects\pattern\pattern\release\init.obj
c:\users\dsahu\documents\visual studio 2013\projects\pattern\pattern\release\glyph.obj
c:\users\dsahu\documents\visual studio 2013\projects\pattern\pattern\release\gfxmgr.obj
c:\users\dsahu\documents\visual studio 2013\projects\pattern\pattern\release\documentdrawerfactory.obj
c:\users\dsahu\documents\visual studio 2013\projects\pattern\pattern\release\document.obj
c:\users\dsahu\documents\visual studio 2013\projects\pattern\pattern\release\docdrawer.obj
c:\users\dsahu\documents\visual studio 2013\projects\pattern\pattern\release\doc.obj
c:\users\dsahu\documents\visual studio 2013\projects\pattern\pattern\release\controller.obj
c:\users\dsahu\documents\visual studio 2013\projects\pattern\pattern\release\char.obj
c:\users\dsahu\documents\visual studio 2013\projects\pattern\pattern\release\pattern.tlog\cl.command.1.tlog
c:\users\dsahu\documents\visual studio 2013\projects\pattern\pattern\release\pattern.tlog\cl.read.1.tlog
c:\users\dsahu\documents\visual studio 2013\projects\pattern\pattern\release\pattern.tlog\cl.write.1.tlog
c:\users\dsahu\documents\visual studio 2013\projects\pattern\pattern\release\pattern.tlog\rc.command.1.tlog
c:\users\dsahu\documents\visual studio 2013\projects\pattern\pattern\release\pattern.tlog\rc.read.1.tlog
c:\users\dsahu\documents\visual studio 2013\projects\pattern\pattern\release\pattern.tlog\rc.write.1.tlog
