c:\users\dsahu\documents\visual studio 2013\projects\pattern\pattern\debug\pattern.pch
c:\users\dsahu\documents\visual studio 2013\projects\pattern\pattern\debug\vc120.pdb
c:\users\dsahu\documents\visual studio 2013\projects\pattern\pattern\debug\vc120.idb
c:\users\dsahu\documents\visual studio 2013\projects\pattern\pattern\debug\stdafx.obj
c:\users\dsahu\documents\visual studio 2013\projects\pattern\pattern\debug\char.obj
c:\users\dsahu\documents\visual studio 2013\projects\pattern\pattern\debug\controller.obj
c:\users\dsahu\documents\visual studio 2013\projects\pattern\pattern\debug\doc.obj
c:\users\dsahu\documents\visual studio 2013\projects\pattern\pattern\debug\docdrawer.obj
c:\users\dsahu\documents\visual studio 2013\projects\pattern\pattern\debug\document.obj
c:\users\dsahu\documents\visual studio 2013\projects\pattern\pattern\debug\documentdrawerfactory.obj
c:\users\dsahu\documents\visual studio 2013\projects\pattern\pattern\debug\gfxmgr.obj
c:\users\dsahu\documents\visual studio 2013\projects\pattern\pattern\debug\glyph.obj
c:\users\dsahu\documents\visual studio 2013\projects\pattern\pattern\debug\init.obj
c:\users\dsahu\documents\visual studio 2013\projects\pattern\pattern\debug\lexer.obj
c:\users\dsahu\documents\visual studio 2013\projects\pattern\pattern\debug\page.obj
c:\users\dsahu\documents\visual studio 2013\projects\pattern\pattern\debug\pagedrawer.obj
c:\users\dsahu\documents\visual studio 2013\projects\pattern\pattern\debug\pageview.obj
c:\users\dsahu\documents\visual studio 2013\projects\pattern\pattern\debug\parser.obj
c:\users\dsahu\documents\visual studio 2013\projects\pattern\pattern\debug\pattern.obj
c:\users\dsahu\documents\visual studio 2013\projects\pattern\pattern\debug\txtdrawer.obj
c:\users\dsahu\documents\visual studio 2013\projects\pattern\pattern\debug\txtlexer.obj
c:\users\dsahu\documents\visual studio 2013\projects\pattern\pattern\debug\pattern.tlog\cl.command.1.tlog
c:\users\dsahu\documents\visual studio 2013\projects\pattern\pattern\debug\pattern.tlog\cl.read.1.tlog
c:\users\dsahu\documents\visual studio 2013\projects\pattern\pattern\debug\pattern.tlog\cl.write.1.tlog
c:\users\dsahu\documents\visual studio 2013\projects\pattern\pattern\debug\pattern.tlog\rc.command.1.tlog
c:\users\dsahu\documents\visual studio 2013\projects\pattern\pattern\debug\pattern.tlog\rc.read.1.tlog
c:\users\dsahu\documents\visual studio 2013\projects\pattern\pattern\debug\pattern.tlog\rc.write.1.tlog
